mode: set
Project-REST-API/delivery/controllers/auth/auth.go:19.42,23.2 1 1
Project-REST-API/delivery/controllers/auth/auth.go:25.50,26.36 1 1
Project-REST-API/delivery/controllers/auth/auth.go:26.36,29.46 2 1
Project-REST-API/delivery/controllers/auth/auth.go:33.3,35.17 2 1
Project-REST-API/delivery/controllers/auth/auth.go:42.3,44.17 2 1
Project-REST-API/delivery/controllers/auth/auth.go:51.3,56.5 1 1
Project-REST-API/delivery/controllers/auth/auth.go:29.46,31.4 1 1
Project-REST-API/delivery/controllers/auth/auth.go:35.17,40.4 1 1
Project-REST-API/delivery/controllers/auth/auth.go:44.17,49.4 1 0
Project-REST-API/delivery/controllers/auth/auth.go:71.56,78.2 6 1
Project-REST-API/delivery/controllers/auth/auth.go:80.49,83.16 2 0
Project-REST-API/delivery/controllers/auth/auth.go:89.2,89.10 1 0
Project-REST-API/delivery/controllers/auth/auth.go:83.16,87.3 3 0
Project-REST-API/delivery/controllers/project/project.go:17.57,21.2 1 1
Project-REST-API/delivery/controllers/project/project.go:23.53,24.36 1 1
Project-REST-API/delivery/controllers/project/project.go:24.36,27.17 2 1
Project-REST-API/delivery/controllers/project/project.go:31.3,31.94 1 1
Project-REST-API/delivery/controllers/project/project.go:27.17,29.4 1 1
Project-REST-API/delivery/controllers/project/project.go:35.57,36.36 1 1
Project-REST-API/delivery/controllers/project/project.go:36.36,41.17 3 1
Project-REST-API/delivery/controllers/project/project.go:45.3,45.90 1 1
Project-REST-API/delivery/controllers/project/project.go:41.17,43.4 1 1
Project-REST-API/delivery/controllers/project/project.go:49.65,50.36 1 1
Project-REST-API/delivery/controllers/project/project.go:50.36,53.42 2 1
Project-REST-API/delivery/controllers/project/project.go:57.3,59.17 2 1
Project-REST-API/delivery/controllers/project/project.go:63.3,63.103 1 1
Project-REST-API/delivery/controllers/project/project.go:53.42,55.4 1 1
Project-REST-API/delivery/controllers/project/project.go:59.17,61.4 1 1
Project-REST-API/delivery/controllers/project/project.go:67.56,68.36 1 1
Project-REST-API/delivery/controllers/project/project.go:68.36,72.45 3 1
Project-REST-API/delivery/controllers/project/project.go:76.3,78.17 2 1
Project-REST-API/delivery/controllers/project/project.go:82.3,82.93 1 1
Project-REST-API/delivery/controllers/project/project.go:72.45,74.4 1 1
Project-REST-API/delivery/controllers/project/project.go:78.17,80.4 1 1
Project-REST-API/delivery/controllers/project/project.go:86.56,87.36 1 1
Project-REST-API/delivery/controllers/project/project.go:87.36,92.17 3 1
Project-REST-API/delivery/controllers/project/project.go:96.3,96.93 1 1
Project-REST-API/delivery/controllers/project/project.go:92.17,94.4 1 1
Project-REST-API/delivery/controllers/task/task.go:18.48,22.2 1 1
Project-REST-API/delivery/controllers/task/task.go:24.50,25.36 1 1
Project-REST-API/delivery/controllers/task/task.go:25.36,28.17 2 1
Project-REST-API/delivery/controllers/task/task.go:32.3,32.91 1 1
Project-REST-API/delivery/controllers/task/task.go:28.17,30.4 1 1
Project-REST-API/delivery/controllers/task/task.go:36.54,37.36 1 1
Project-REST-API/delivery/controllers/task/task.go:37.36,42.17 3 1
Project-REST-API/delivery/controllers/task/task.go:46.3,46.90 1 1
Project-REST-API/delivery/controllers/task/task.go:42.17,44.4 1 1
Project-REST-API/delivery/controllers/task/task.go:50.59,51.36 1 1
Project-REST-API/delivery/controllers/task/task.go:51.36,54.39 3 1
Project-REST-API/delivery/controllers/task/task.go:58.3,60.17 2 1
Project-REST-API/delivery/controllers/task/task.go:64.3,64.100 1 1
Project-REST-API/delivery/controllers/task/task.go:54.39,56.4 1 1
Project-REST-API/delivery/controllers/task/task.go:60.17,62.4 1 1
Project-REST-API/delivery/controllers/task/task.go:68.53,69.36 1 1
Project-REST-API/delivery/controllers/task/task.go:69.36,73.42 3 1
Project-REST-API/delivery/controllers/task/task.go:77.3,79.17 2 1
Project-REST-API/delivery/controllers/task/task.go:83.3,83.90 1 1
Project-REST-API/delivery/controllers/task/task.go:73.42,75.4 1 1
Project-REST-API/delivery/controllers/task/task.go:79.17,81.4 1 1
Project-REST-API/delivery/controllers/task/task.go:87.53,88.36 1 1
Project-REST-API/delivery/controllers/task/task.go:88.36,93.17 3 1
Project-REST-API/delivery/controllers/task/task.go:97.3,97.90 1 1
Project-REST-API/delivery/controllers/task/task.go:93.17,95.4 1 1
Project-REST-API/delivery/controllers/user/user.go:17.48,21.2 1 1
Project-REST-API/delivery/controllers/user/user.go:23.50,24.36 1 1
Project-REST-API/delivery/controllers/user/user.go:24.36,27.17 2 1
Project-REST-API/delivery/controllers/user/user.go:31.3,31.91 1 1
Project-REST-API/delivery/controllers/user/user.go:27.17,29.4 1 1
Project-REST-API/delivery/controllers/user/user.go:35.54,36.36 1 1
Project-REST-API/delivery/controllers/user/user.go:36.36,41.17 3 1
Project-REST-API/delivery/controllers/user/user.go:45.3,45.87 1 1
Project-REST-API/delivery/controllers/user/user.go:41.17,43.4 1 1
Project-REST-API/delivery/controllers/user/user.go:49.59,50.36 1 1
Project-REST-API/delivery/controllers/user/user.go:50.36,53.39 2 1
Project-REST-API/delivery/controllers/user/user.go:57.3,59.17 2 1
Project-REST-API/delivery/controllers/user/user.go:63.3,63.100 1 1
Project-REST-API/delivery/controllers/user/user.go:53.39,55.4 1 1
Project-REST-API/delivery/controllers/user/user.go:59.17,61.4 1 1
Project-REST-API/delivery/controllers/user/user.go:67.53,68.36 1 1
Project-REST-API/delivery/controllers/user/user.go:68.36,72.42 3 1
Project-REST-API/delivery/controllers/user/user.go:76.3,78.17 2 1
Project-REST-API/delivery/controllers/user/user.go:82.3,82.90 1 1
Project-REST-API/delivery/controllers/user/user.go:72.42,74.4 1 1
Project-REST-API/delivery/controllers/user/user.go:78.17,80.4 1 1
Project-REST-API/delivery/controllers/user/user.go:86.53,87.36 1 1
Project-REST-API/delivery/controllers/user/user.go:87.36,92.17 3 1
Project-REST-API/delivery/controllers/user/user.go:96.3,96.90 1 1
Project-REST-API/delivery/controllers/user/user.go:92.17,94.4 1 1
Project-REST-API/repository/auth/auth.go:13.39,17.2 1 1
Project-REST-API/repository/auth/auth.go:19.79,21.99 2 1
Project-REST-API/repository/auth/auth.go:25.2,25.18 1 1
Project-REST-API/repository/auth/auth.go:21.99,23.3 1 1
Project-REST-API/repository/user/user.go:13.39,17.2 1 1
Project-REST-API/repository/user/user.go:19.58,22.57 2 1
Project-REST-API/repository/user/user.go:26.2,26.21 1 1
Project-REST-API/repository/user/user.go:22.57,24.3 1 1
Project-REST-API/repository/user/user.go:29.70,37.37 3 1
Project-REST-API/repository/user/user.go:41.2,41.21 1 1
Project-REST-API/repository/user/user.go:37.37,39.3 1 1
Project-REST-API/repository/user/user.go:44.80,45.53 1 1
Project-REST-API/repository/user/user.go:49.2,49.15 1 1
Project-REST-API/repository/user/user.go:45.53,47.3 1 1
Project-REST-API/repository/user/user.go:52.92,57.73 3 1
Project-REST-API/repository/user/user.go:61.2,61.18 1 1
Project-REST-API/repository/user/user.go:57.73,59.3 1 1
Project-REST-API/repository/user/user.go:64.52,68.63 2 1
Project-REST-API/repository/user/user.go:71.2,72.12 2 1
Project-REST-API/repository/user/user.go:68.63,70.3 1 1
