mode: set
Project-REST-API/repository/user/user.go:13.39,17.2 1 1
Project-REST-API/repository/user/user.go:19.58,22.57 2 1
Project-REST-API/repository/user/user.go:26.2,26.21 1 1
Project-REST-API/repository/user/user.go:22.57,24.3 1 1
Project-REST-API/repository/user/user.go:29.70,37.37 3 1
Project-REST-API/repository/user/user.go:41.2,41.21 1 1
Project-REST-API/repository/user/user.go:37.37,39.3 1 1
Project-REST-API/repository/user/user.go:44.80,45.53 1 1
Project-REST-API/repository/user/user.go:49.2,49.15 1 1
Project-REST-API/repository/user/user.go:45.53,47.3 1 1
Project-REST-API/repository/user/user.go:52.92,57.73 3 1
Project-REST-API/repository/user/user.go:61.2,61.18 1 1
Project-REST-API/repository/user/user.go:57.73,59.3 1 1
Project-REST-API/repository/user/user.go:64.52,68.63 2 1
Project-REST-API/repository/user/user.go:71.2,72.12 2 1
Project-REST-API/repository/user/user.go:68.63,70.3 1 1
