mode: set
Project-REST-API/delivery/controllers/user/user.go:17.48,21.2 1 1
Project-REST-API/delivery/controllers/user/user.go:23.50,24.36 1 1
Project-REST-API/delivery/controllers/user/user.go:24.36,27.17 2 1
Project-REST-API/delivery/controllers/user/user.go:31.3,31.91 1 1
Project-REST-API/delivery/controllers/user/user.go:27.17,29.4 1 1
Project-REST-API/delivery/controllers/user/user.go:35.54,36.36 1 1
Project-REST-API/delivery/controllers/user/user.go:36.36,41.17 3 1
Project-REST-API/delivery/controllers/user/user.go:45.3,45.87 1 1
Project-REST-API/delivery/controllers/user/user.go:41.17,43.4 1 1
Project-REST-API/delivery/controllers/user/user.go:49.59,50.36 1 1
Project-REST-API/delivery/controllers/user/user.go:50.36,53.39 2 1
Project-REST-API/delivery/controllers/user/user.go:57.3,59.17 2 1
Project-REST-API/delivery/controllers/user/user.go:63.3,63.100 1 1
Project-REST-API/delivery/controllers/user/user.go:53.39,55.4 1 1
Project-REST-API/delivery/controllers/user/user.go:59.17,61.4 1 1
Project-REST-API/delivery/controllers/user/user.go:67.52,68.36 1 1
Project-REST-API/delivery/controllers/user/user.go:68.36,71.39 2 1
Project-REST-API/delivery/controllers/user/user.go:75.3,77.17 2 1
Project-REST-API/delivery/controllers/user/user.go:81.3,81.90 1 1
Project-REST-API/delivery/controllers/user/user.go:71.39,73.4 1 1
Project-REST-API/delivery/controllers/user/user.go:77.17,79.4 1 1
Project-REST-API/delivery/controllers/user/user.go:85.53,86.36 1 1
Project-REST-API/delivery/controllers/user/user.go:86.36,90.42 3 1
Project-REST-API/delivery/controllers/user/user.go:94.3,96.17 2 1
Project-REST-API/delivery/controllers/user/user.go:100.3,100.90 1 1
Project-REST-API/delivery/controllers/user/user.go:90.42,92.4 1 1
Project-REST-API/delivery/controllers/user/user.go:96.17,98.4 1 1
Project-REST-API/delivery/controllers/user/user.go:104.53,105.36 1 1
Project-REST-API/delivery/controllers/user/user.go:105.36,110.17 3 1
Project-REST-API/delivery/controllers/user/user.go:114.3,114.90 1 1
Project-REST-API/delivery/controllers/user/user.go:110.17,112.4 1 1
