mode: set
Project-REST-API/repository/project/project.go:13.42,17.2 1 1
Project-REST-API/repository/project/project.go:19.64,22.60 2 1
Project-REST-API/repository/project/project.go:26.2,26.24 1 1
Project-REST-API/repository/project/project.go:22.60,24.3 1 1
Project-REST-API/repository/project/project.go:29.79,32.87 2 1
Project-REST-API/repository/project/project.go:36.2,36.24 1 1
Project-REST-API/repository/project/project.go:32.87,34.3 1 1
Project-REST-API/repository/project/project.go:39.92,40.53 1 1
Project-REST-API/repository/project/project.go:44.2,44.15 1 1
Project-REST-API/repository/project/project.go:40.53,42.3 1 1
Project-REST-API/repository/project/project.go:47.107,52.79 3 1
Project-REST-API/repository/project/project.go:56.2,56.21 1 1
Project-REST-API/repository/project/project.go:52.79,54.3 1 1
Project-REST-API/repository/project/project.go:59.58,63.69 2 1
Project-REST-API/repository/project/project.go:66.2,67.12 2 1
Project-REST-API/repository/project/project.go:63.69,65.3 1 1
